<?xml version="1.0" encoding="UTF-8"?>
<testsuite name="azkaban.jobExecutor.ProcessJobTest" tests="12" skipped="0" failures="0" errors="0" timestamp="2016-04-13T08:41:00" hostname="zexinBian-MacBook-Pro.local" time="1.58">
  <properties/>
  <testcase name="testOneUnixCommandWithNoUser" classname="azkaban.jobExecutor.ProcessJobTest" time="0.003"/>
  <testcase name="testOneUnixCommand" classname="azkaban.jobExecutor.ProcessJobTest" time="0.012"/>
  <testcase name="testFailedUnixCommand" classname="azkaban.jobExecutor.ProcessJobTest" time="0.01"/>
  <testcase name="testMultipleUnixCommands" classname="azkaban.jobExecutor.ProcessJobTest" time="0.023"/>
  <testcase name="testOneUnixCommandWithProxyUserInsteadOfSubmitUser" classname="azkaban.jobExecutor.ProcessJobTest" time="0.01"/>
  <testcase name="testPartitionCommand" classname="azkaban.jobExecutor.ProcessJobTest" time="0.001"/>
  <testcase name="testOneUnixCommandWithNoUser" classname="azkaban.jobExecutor.ProcessJobTest" time="0.003"/>
  <testcase name="testOneUnixCommand" classname="azkaban.jobExecutor.ProcessJobTest" time="0.013"/>
  <testcase name="testFailedUnixCommand" classname="azkaban.jobExecutor.ProcessJobTest" time="0.01"/>
  <testcase name="testMultipleUnixCommands" classname="azkaban.jobExecutor.ProcessJobTest" time="0.028"/>
  <testcase name="testOneUnixCommandWithProxyUserInsteadOfSubmitUser" classname="azkaban.jobExecutor.ProcessJobTest" time="0.01"/>
  <testcase name="testPartitionCommand" classname="azkaban.jobExecutor.ProcessJobTest" time="0.001"/>
  <system-out><![CDATA[2677 [Test worker] INFO azkaban.jobExecutor.ProcessJob  - 1 commands to execute.
2680 [Test worker] INFO azkaban.jobExecutor.ProcessJob  - 1 commands to execute.
2682 [Test worker] INFO azkaban.jobExecutor.ProcessJob  - effective user is: test_user
2682 [Test worker] INFO azkaban.jobExecutor.ProcessJob  - Command: ls -al
2682 [Test worker] INFO azkaban.jobExecutor.ProcessJob  - Environment variables: {JOB_NAME=TestProcess, JOB_PROP_FILE=/private/var/folders/q5/6pyccsqn0492yl_9n58zkjfw0000gp/T/junit4620941430881369501/TestProcess/TestProcess_props_7463132269366060499_tmp, JOB_OUTPUT_PROP_FILE=/private/var/folders/q5/6pyccsqn0492yl_9n58zkjfw0000gp/T/junit4620941430881369501/TestProcess/TestProcess_output_3607976182412317742_tmp, KRB5CCNAME=/tmp/krb5cc__test_project__test_flow__TestProcess__123__test_user}
2682 [Test worker] INFO azkaban.jobExecutor.ProcessJob  - Working directory: /private/var/folders/q5/6pyccsqn0492yl_9n58zkjfw0000gp/T/junit4620941430881369501/TestProcess
2687 [Test worker] DEBUG azkaban.jobExecutor.ProcessJob  - Spawned thread with process id 73686
2690 [Thread-37] INFO azkaban.jobExecutor.ProcessJob  - total 8
2690 [Thread-37] INFO azkaban.jobExecutor.ProcessJob  - drwxr-xr-x  4 bianzexin  staff  136  4 13 16:41 .
2690 [Thread-37] INFO azkaban.jobExecutor.ProcessJob  - drwxr-xr-x  3 bianzexin  staff  102  4 13 16:41 ..
2690 [Thread-37] INFO azkaban.jobExecutor.ProcessJob  - -rw-r--r--  1 bianzexin  staff    0  4 13 16:41 TestProcess_output_3607976182412317742_tmp
2690 [Thread-37] INFO azkaban.jobExecutor.ProcessJob  - -rw-r--r--  1 bianzexin  staff  328  4 13 16:41 TestProcess_props_7463132269366060499_tmp
2690 [Test worker] INFO azkaban.jobExecutor.ProcessJob  - Process completed successfully in 0 seconds.
2692 [Test worker] INFO azkaban.jobExecutor.ProcessJob  - 1 commands to execute.
2694 [Test worker] INFO azkaban.jobExecutor.ProcessJob  - effective user is: test_user
2694 [Test worker] INFO azkaban.jobExecutor.ProcessJob  - Command: xls -al
2694 [Test worker] INFO azkaban.jobExecutor.ProcessJob  - Environment variables: {JOB_NAME=TestProcess, JOB_PROP_FILE=/private/var/folders/q5/6pyccsqn0492yl_9n58zkjfw0000gp/T/junit6984515061947806188/TestProcess/TestProcess_props_8340894359106528818_tmp, JOB_OUTPUT_PROP_FILE=/private/var/folders/q5/6pyccsqn0492yl_9n58zkjfw0000gp/T/junit6984515061947806188/TestProcess/TestProcess_output_3194432289083475386_tmp, KRB5CCNAME=/tmp/krb5cc__test_project__test_flow__TestProcess__123__test_user}
2694 [Test worker] INFO azkaban.jobExecutor.ProcessJob  - Working directory: /private/var/folders/q5/6pyccsqn0492yl_9n58zkjfw0000gp/T/junit6984515061947806188/TestProcess
2698 [Test worker] INFO azkaban.jobExecutor.ProcessJob  - Process completed unsuccessfully in 0 seconds.
2703 [Test worker] INFO azkaban.jobExecutor.ProcessJob  - 3 commands to execute.
2704 [Test worker] INFO azkaban.jobExecutor.ProcessJob  - effective user is: test_user
2705 [Test worker] INFO azkaban.jobExecutor.ProcessJob  - Command: pwd
2705 [Test worker] INFO azkaban.jobExecutor.ProcessJob  - Environment variables: {JOB_NAME=TestProcess, JOB_PROP_FILE=/private/var/folders/q5/6pyccsqn0492yl_9n58zkjfw0000gp/T/junit1002825058651406305/TestProcess/TestProcess_props_8400051224954007603_tmp, JOB_OUTPUT_PROP_FILE=/private/var/folders/q5/6pyccsqn0492yl_9n58zkjfw0000gp/T/junit1002825058651406305/TestProcess/TestProcess_output_5130830594643004682_tmp, KRB5CCNAME=/tmp/krb5cc__test_project__test_flow__TestProcess__123__test_user}
2705 [Test worker] INFO azkaban.jobExecutor.ProcessJob  - Working directory: /private/var/folders/q5/6pyccsqn0492yl_9n58zkjfw0000gp/T/junit1002825058651406305/TestProcess
2708 [Test worker] DEBUG azkaban.jobExecutor.ProcessJob  - Spawned thread with process id 73688
2709 [Thread-39] INFO azkaban.jobExecutor.ProcessJob  - /private/var/folders/q5/6pyccsqn0492yl_9n58zkjfw0000gp/T/junit1002825058651406305/TestProcess
2709 [Test worker] INFO azkaban.jobExecutor.ProcessJob  - Process completed successfully in 0 seconds.
2709 [Test worker] INFO azkaban.jobExecutor.ProcessJob  - Command: date
2709 [Test worker] INFO azkaban.jobExecutor.ProcessJob  - Environment variables: {JOB_NAME=TestProcess, JOB_PROP_FILE=/private/var/folders/q5/6pyccsqn0492yl_9n58zkjfw0000gp/T/junit1002825058651406305/TestProcess/TestProcess_props_8400051224954007603_tmp, JOB_OUTPUT_PROP_FILE=/private/var/folders/q5/6pyccsqn0492yl_9n58zkjfw0000gp/T/junit1002825058651406305/TestProcess/TestProcess_output_5130830594643004682_tmp, KRB5CCNAME=/tmp/krb5cc__test_project__test_flow__TestProcess__123__test_user}
2709 [Test worker] INFO azkaban.jobExecutor.ProcessJob  - Working directory: /private/var/folders/q5/6pyccsqn0492yl_9n58zkjfw0000gp/T/junit1002825058651406305/TestProcess
2713 [Test worker] DEBUG azkaban.jobExecutor.ProcessJob  - Spawned thread with process id 73689
2715 [Thread-41] INFO azkaban.jobExecutor.ProcessJob  - 2016年 4月13日 星期三 16时41分00秒 CST
2715 [Test worker] INFO azkaban.jobExecutor.ProcessJob  - Process completed successfully in 0 seconds.
2715 [Test worker] INFO azkaban.jobExecutor.ProcessJob  - Command: whoami
2715 [Test worker] INFO azkaban.jobExecutor.ProcessJob  - Environment variables: {JOB_NAME=TestProcess, JOB_PROP_FILE=/private/var/folders/q5/6pyccsqn0492yl_9n58zkjfw0000gp/T/junit1002825058651406305/TestProcess/TestProcess_props_8400051224954007603_tmp, JOB_OUTPUT_PROP_FILE=/private/var/folders/q5/6pyccsqn0492yl_9n58zkjfw0000gp/T/junit1002825058651406305/TestProcess/TestProcess_output_5130830594643004682_tmp, KRB5CCNAME=/tmp/krb5cc__test_project__test_flow__TestProcess__123__test_user}
2715 [Test worker] INFO azkaban.jobExecutor.ProcessJob  - Working directory: /private/var/folders/q5/6pyccsqn0492yl_9n58zkjfw0000gp/T/junit1002825058651406305/TestProcess
2719 [Test worker] DEBUG azkaban.jobExecutor.ProcessJob  - Spawned thread with process id 73690
2723 [Thread-43] INFO azkaban.jobExecutor.ProcessJob  - bianzexin
2723 [Test worker] INFO azkaban.jobExecutor.ProcessJob  - Process completed successfully in 0 seconds.
2726 [Test worker] INFO azkaban.jobExecutor.ProcessJob  - 1 commands to execute.
2728 [Test worker] INFO azkaban.jobExecutor.ProcessJob  - effective user is: test_user
2728 [Test worker] INFO azkaban.jobExecutor.ProcessJob  - Command: ls -al
2728 [Test worker] INFO azkaban.jobExecutor.ProcessJob  - Environment variables: {JOB_NAME=TestProcess, JOB_PROP_FILE=/private/var/folders/q5/6pyccsqn0492yl_9n58zkjfw0000gp/T/junit7070258809997009048/TestProcess/TestProcess_props_2246371712453099526_tmp, JOB_OUTPUT_PROP_FILE=/private/var/folders/q5/6pyccsqn0492yl_9n58zkjfw0000gp/T/junit7070258809997009048/TestProcess/TestProcess_output_1046560027701515554_tmp, KRB5CCNAME=/tmp/krb5cc__test_project__test_flow__TestProcess__123__test_user}
2728 [Test worker] INFO azkaban.jobExecutor.ProcessJob  - Working directory: /private/var/folders/q5/6pyccsqn0492yl_9n58zkjfw0000gp/T/junit7070258809997009048/TestProcess
2731 [Test worker] DEBUG azkaban.jobExecutor.ProcessJob  - Spawned thread with process id 73691
2734 [Thread-45] INFO azkaban.jobExecutor.ProcessJob  - total 8
2734 [Thread-45] INFO azkaban.jobExecutor.ProcessJob  - drwxr-xr-x  4 bianzexin  staff  136  4 13 16:41 .
2734 [Thread-45] INFO azkaban.jobExecutor.ProcessJob  - drwxr-xr-x  3 bianzexin  staff  102  4 13 16:41 ..
2734 [Thread-45] INFO azkaban.jobExecutor.ProcessJob  - -rw-r--r--  1 bianzexin  staff    0  4 13 16:41 TestProcess_output_1046560027701515554_tmp
2734 [Thread-45] INFO azkaban.jobExecutor.ProcessJob  - -rw-r--r--  1 bianzexin  staff  318  4 13 16:41 TestProcess_props_2246371712453099526_tmp
2734 [Test worker] INFO azkaban.jobExecutor.ProcessJob  - Process completed successfully in 0 seconds.
4192 [Test worker] INFO azkaban.jobExecutor.ProcessJob  - 1 commands to execute.
4196 [Test worker] INFO azkaban.jobExecutor.ProcessJob  - 1 commands to execute.
4198 [Test worker] INFO azkaban.jobExecutor.ProcessJob  - effective user is: test_user
4198 [Test worker] INFO azkaban.jobExecutor.ProcessJob  - Command: ls -al
4198 [Test worker] INFO azkaban.jobExecutor.ProcessJob  - Environment variables: {JOB_NAME=TestProcess, JOB_PROP_FILE=/private/var/folders/q5/6pyccsqn0492yl_9n58zkjfw0000gp/T/junit4738318669880922651/TestProcess/TestProcess_props_219296119501373445_tmp, JOB_OUTPUT_PROP_FILE=/private/var/folders/q5/6pyccsqn0492yl_9n58zkjfw0000gp/T/junit4738318669880922651/TestProcess/TestProcess_output_8940302126666362337_tmp, KRB5CCNAME=/tmp/krb5cc__test_project__test_flow__TestProcess__123__test_user}
4198 [Test worker] INFO azkaban.jobExecutor.ProcessJob  - Working directory: /private/var/folders/q5/6pyccsqn0492yl_9n58zkjfw0000gp/T/junit4738318669880922651/TestProcess
4201 [Test worker] DEBUG azkaban.jobExecutor.ProcessJob  - Spawned thread with process id 73700
4204 [Thread-53] INFO azkaban.jobExecutor.ProcessJob  - total 8
4205 [Thread-53] INFO azkaban.jobExecutor.ProcessJob  - drwxr-xr-x  4 bianzexin  staff  136  4 13 16:41 .
4205 [Thread-53] INFO azkaban.jobExecutor.ProcessJob  - drwxr-xr-x  3 bianzexin  staff  102  4 13 16:41 ..
4205 [Thread-53] INFO azkaban.jobExecutor.ProcessJob  - -rw-r--r--  1 bianzexin  staff    0  4 13 16:41 TestProcess_output_8940302126666362337_tmp
4205 [Thread-53] INFO azkaban.jobExecutor.ProcessJob  - -rw-r--r--  1 bianzexin  staff  328  4 13 16:41 TestProcess_props_219296119501373445_tmp
4206 [Test worker] INFO azkaban.jobExecutor.ProcessJob  - Process completed successfully in 0 seconds.
4208 [Test worker] INFO azkaban.jobExecutor.ProcessJob  - 1 commands to execute.
4210 [Test worker] INFO azkaban.jobExecutor.ProcessJob  - effective user is: test_user
4210 [Test worker] INFO azkaban.jobExecutor.ProcessJob  - Command: xls -al
4210 [Test worker] INFO azkaban.jobExecutor.ProcessJob  - Environment variables: {JOB_NAME=TestProcess, JOB_PROP_FILE=/private/var/folders/q5/6pyccsqn0492yl_9n58zkjfw0000gp/T/junit3127463673099758006/TestProcess/TestProcess_props_1343738116531053140_tmp, JOB_OUTPUT_PROP_FILE=/private/var/folders/q5/6pyccsqn0492yl_9n58zkjfw0000gp/T/junit3127463673099758006/TestProcess/TestProcess_output_4624290715025653585_tmp, KRB5CCNAME=/tmp/krb5cc__test_project__test_flow__TestProcess__123__test_user}
4210 [Test worker] INFO azkaban.jobExecutor.ProcessJob  - Working directory: /private/var/folders/q5/6pyccsqn0492yl_9n58zkjfw0000gp/T/junit3127463673099758006/TestProcess
4214 [Test worker] INFO azkaban.jobExecutor.ProcessJob  - Process completed unsuccessfully in 0 seconds.
4218 [Test worker] INFO azkaban.jobExecutor.ProcessJob  - 3 commands to execute.
4221 [Test worker] INFO azkaban.jobExecutor.ProcessJob  - effective user is: test_user
4221 [Test worker] INFO azkaban.jobExecutor.ProcessJob  - Command: pwd
4221 [Test worker] INFO azkaban.jobExecutor.ProcessJob  - Environment variables: {JOB_NAME=TestProcess, JOB_PROP_FILE=/private/var/folders/q5/6pyccsqn0492yl_9n58zkjfw0000gp/T/junit956822948495233778/TestProcess/TestProcess_props_5913795705443304351_tmp, JOB_OUTPUT_PROP_FILE=/private/var/folders/q5/6pyccsqn0492yl_9n58zkjfw0000gp/T/junit956822948495233778/TestProcess/TestProcess_output_7406198062042795267_tmp, KRB5CCNAME=/tmp/krb5cc__test_project__test_flow__TestProcess__123__test_user}
4221 [Test worker] INFO azkaban.jobExecutor.ProcessJob  - Working directory: /private/var/folders/q5/6pyccsqn0492yl_9n58zkjfw0000gp/T/junit956822948495233778/TestProcess
4225 [Test worker] DEBUG azkaban.jobExecutor.ProcessJob  - Spawned thread with process id 73702
4226 [Thread-55] INFO azkaban.jobExecutor.ProcessJob  - /private/var/folders/q5/6pyccsqn0492yl_9n58zkjfw0000gp/T/junit956822948495233778/TestProcess
4227 [Test worker] INFO azkaban.jobExecutor.ProcessJob  - Process completed successfully in 0 seconds.
4227 [Test worker] INFO azkaban.jobExecutor.ProcessJob  - Command: date
4227 [Test worker] INFO azkaban.jobExecutor.ProcessJob  - Environment variables: {JOB_NAME=TestProcess, JOB_PROP_FILE=/private/var/folders/q5/6pyccsqn0492yl_9n58zkjfw0000gp/T/junit956822948495233778/TestProcess/TestProcess_props_5913795705443304351_tmp, JOB_OUTPUT_PROP_FILE=/private/var/folders/q5/6pyccsqn0492yl_9n58zkjfw0000gp/T/junit956822948495233778/TestProcess/TestProcess_output_7406198062042795267_tmp, KRB5CCNAME=/tmp/krb5cc__test_project__test_flow__TestProcess__123__test_user}
4227 [Test worker] INFO azkaban.jobExecutor.ProcessJob  - Working directory: /private/var/folders/q5/6pyccsqn0492yl_9n58zkjfw0000gp/T/junit956822948495233778/TestProcess
4232 [Test worker] DEBUG azkaban.jobExecutor.ProcessJob  - Spawned thread with process id 73703
4234 [Thread-57] INFO azkaban.jobExecutor.ProcessJob  - 2016年 4月13日 星期三 16时41分02秒 CST
4234 [Test worker] INFO azkaban.jobExecutor.ProcessJob  - Process completed successfully in 0 seconds.
4235 [Test worker] INFO azkaban.jobExecutor.ProcessJob  - Command: whoami
4235 [Test worker] INFO azkaban.jobExecutor.ProcessJob  - Environment variables: {JOB_NAME=TestProcess, JOB_PROP_FILE=/private/var/folders/q5/6pyccsqn0492yl_9n58zkjfw0000gp/T/junit956822948495233778/TestProcess/TestProcess_props_5913795705443304351_tmp, JOB_OUTPUT_PROP_FILE=/private/var/folders/q5/6pyccsqn0492yl_9n58zkjfw0000gp/T/junit956822948495233778/TestProcess/TestProcess_output_7406198062042795267_tmp, KRB5CCNAME=/tmp/krb5cc__test_project__test_flow__TestProcess__123__test_user}
4235 [Test worker] INFO azkaban.jobExecutor.ProcessJob  - Working directory: /private/var/folders/q5/6pyccsqn0492yl_9n58zkjfw0000gp/T/junit956822948495233778/TestProcess
4238 [Test worker] DEBUG azkaban.jobExecutor.ProcessJob  - Spawned thread with process id 73704
4243 [Thread-59] INFO azkaban.jobExecutor.ProcessJob  - bianzexin
4244 [Test worker] INFO azkaban.jobExecutor.ProcessJob  - Process completed successfully in 0 seconds.
4246 [Test worker] INFO azkaban.jobExecutor.ProcessJob  - 1 commands to execute.
4248 [Test worker] INFO azkaban.jobExecutor.ProcessJob  - effective user is: test_user
4248 [Test worker] INFO azkaban.jobExecutor.ProcessJob  - Command: ls -al
4248 [Test worker] INFO azkaban.jobExecutor.ProcessJob  - Environment variables: {JOB_NAME=TestProcess, JOB_PROP_FILE=/private/var/folders/q5/6pyccsqn0492yl_9n58zkjfw0000gp/T/junit241839453358698299/TestProcess/TestProcess_props_129609845572769094_tmp, JOB_OUTPUT_PROP_FILE=/private/var/folders/q5/6pyccsqn0492yl_9n58zkjfw0000gp/T/junit241839453358698299/TestProcess/TestProcess_output_5535509534345259767_tmp, KRB5CCNAME=/tmp/krb5cc__test_project__test_flow__TestProcess__123__test_user}
4248 [Test worker] INFO azkaban.jobExecutor.ProcessJob  - Working directory: /private/var/folders/q5/6pyccsqn0492yl_9n58zkjfw0000gp/T/junit241839453358698299/TestProcess
4250 [Test worker] DEBUG azkaban.jobExecutor.ProcessJob  - Spawned thread with process id 73705
4253 [Thread-61] INFO azkaban.jobExecutor.ProcessJob  - total 8
4254 [Thread-61] INFO azkaban.jobExecutor.ProcessJob  - drwxr-xr-x  4 bianzexin  staff  136  4 13 16:41 .
4254 [Thread-61] INFO azkaban.jobExecutor.ProcessJob  - drwxr-xr-x  3 bianzexin  staff  102  4 13 16:41 ..
4254 [Thread-61] INFO azkaban.jobExecutor.ProcessJob  - -rw-r--r--  1 bianzexin  staff    0  4 13 16:41 TestProcess_output_5535509534345259767_tmp
4254 [Thread-61] INFO azkaban.jobExecutor.ProcessJob  - -rw-r--r--  1 bianzexin  staff  317  4 13 16:41 TestProcess_props_129609845572769094_tmp
4254 [Test worker] INFO azkaban.jobExecutor.ProcessJob  - Process completed successfully in 0 seconds.
]]></system-out>
  <system-err><![CDATA[cwd=/private/var/folders/q5/6pyccsqn0492yl_9n58zkjfw0000gp/T/junit4409549915942810619/TestProcess
cwd=/private/var/folders/q5/6pyccsqn0492yl_9n58zkjfw0000gp/T/junit4620941430881369501/TestProcess
output properties file=/private/var/folders/q5/6pyccsqn0492yl_9n58zkjfw0000gp/T/junit4620941430881369501/TestProcess/TestProcess_output_3607976182412317742_tmp
cwd=/private/var/folders/q5/6pyccsqn0492yl_9n58zkjfw0000gp/T/junit6984515061947806188/TestProcess
java.lang.RuntimeException: java.io.IOException: Cannot run program "xls" (in directory "/private/var/folders/q5/6pyccsqn0492yl_9n58zkjfw0000gp/T/junit6984515061947806188/TestProcess"): error=2, No such file or directory
	at azkaban.jobExecutor.ProcessJob.run(ProcessJob.java:165)
	at azkaban.jobExecutor.ProcessJobTest.testFailedUnixCommand(ProcessJobTest.java:109)
	at sun.reflect.NativeMethodAccessorImpl.invoke0(Native Method)
	at sun.reflect.NativeMethodAccessorImpl.invoke(NativeMethodAccessorImpl.java:57)
	at sun.reflect.DelegatingMethodAccessorImpl.invoke(DelegatingMethodAccessorImpl.java:43)
	at java.lang.reflect.Method.invoke(Method.java:606)
	at org.junit.runners.model.FrameworkMethod$1.runReflectiveCall(FrameworkMethod.java:47)
	at org.junit.internal.runners.model.ReflectiveCallable.run(ReflectiveCallable.java:12)
	at org.junit.runners.model.FrameworkMethod.invokeExplosively(FrameworkMethod.java:44)
	at org.junit.internal.runners.statements.InvokeMethod.evaluate(InvokeMethod.java:17)
	at org.junit.internal.runners.statements.RunBefores.evaluate(RunBefores.java:26)
	at org.junit.internal.runners.statements.RunAfters.evaluate(RunAfters.java:27)
	at org.junit.rules.ExternalResource$1.evaluate(ExternalResource.java:48)
	at org.junit.rules.RunRules.evaluate(RunRules.java:20)
	at org.junit.runners.ParentRunner.runLeaf(ParentRunner.java:271)
	at org.junit.runners.BlockJUnit4ClassRunner.runChild(BlockJUnit4ClassRunner.java:70)
	at org.junit.runners.BlockJUnit4ClassRunner.runChild(BlockJUnit4ClassRunner.java:50)
	at org.junit.runners.ParentRunner$3.run(ParentRunner.java:238)
	at org.junit.runners.ParentRunner$1.schedule(ParentRunner.java:63)
	at org.junit.runners.ParentRunner.runChildren(ParentRunner.java:236)
	at org.junit.runners.ParentRunner.access$000(ParentRunner.java:53)
	at org.junit.runners.ParentRunner$2.evaluate(ParentRunner.java:229)
	at org.junit.runners.ParentRunner.run(ParentRunner.java:309)
	at org.junit.runners.Suite.runChild(Suite.java:127)
	at org.junit.runners.Suite.runChild(Suite.java:26)
	at org.junit.runners.ParentRunner$3.run(ParentRunner.java:238)
	at org.junit.runners.ParentRunner$1.schedule(ParentRunner.java:63)
	at org.junit.runners.ParentRunner.runChildren(ParentRunner.java:236)
	at org.junit.runners.ParentRunner.access$000(ParentRunner.java:53)
	at org.junit.runners.ParentRunner$2.evaluate(ParentRunner.java:229)
	at org.junit.runners.ParentRunner.run(ParentRunner.java:309)
	at org.gradle.api.internal.tasks.testing.junit.JUnitTestClassExecuter.runTestClass(JUnitTestClassExecuter.java:105)
	at org.gradle.api.internal.tasks.testing.junit.JUnitTestClassExecuter.execute(JUnitTestClassExecuter.java:56)
	at org.gradle.api.internal.tasks.testing.junit.JUnitTestClassProcessor.processTestClass(JUnitTestClassProcessor.java:64)
	at org.gradle.api.internal.tasks.testing.SuiteTestClassProcessor.processTestClass(SuiteTestClassProcessor.java:50)
	at sun.reflect.NativeMethodAccessorImpl.invoke0(Native Method)
	at sun.reflect.NativeMethodAccessorImpl.invoke(NativeMethodAccessorImpl.java:57)
	at sun.reflect.DelegatingMethodAccessorImpl.invoke(DelegatingMethodAccessorImpl.java:43)
	at java.lang.reflect.Method.invoke(Method.java:606)
	at org.gradle.messaging.dispatch.ReflectionDispatch.dispatch(ReflectionDispatch.java:35)
	at org.gradle.messaging.dispatch.ReflectionDispatch.dispatch(ReflectionDispatch.java:24)
	at org.gradle.messaging.dispatch.ContextClassLoaderDispatch.dispatch(ContextClassLoaderDispatch.java:32)
	at org.gradle.messaging.dispatch.ProxyDispatchAdapter$DispatchingInvocationHandler.invoke(ProxyDispatchAdapter.java:93)
	at com.sun.proxy.$Proxy2.processTestClass(Unknown Source)
	at org.gradle.api.internal.tasks.testing.worker.TestWorker.processTestClass(TestWorker.java:106)
	at sun.reflect.NativeMethodAccessorImpl.invoke0(Native Method)
	at sun.reflect.NativeMethodAccessorImpl.invoke(NativeMethodAccessorImpl.java:57)
	at sun.reflect.DelegatingMethodAccessorImpl.invoke(DelegatingMethodAccessorImpl.java:43)
	at java.lang.reflect.Method.invoke(Method.java:606)
	at org.gradle.messaging.dispatch.ReflectionDispatch.dispatch(ReflectionDispatch.java:35)
	at org.gradle.messaging.dispatch.ReflectionDispatch.dispatch(ReflectionDispatch.java:24)
	at org.gradle.messaging.remote.internal.hub.MessageHub$Handler.run(MessageHub.java:360)
	at org.gradle.internal.concurrent.ExecutorPolicy$CatchAndRecordFailures.onExecute(ExecutorPolicy.java:54)
	at org.gradle.internal.concurrent.StoppableExecutorImpl$1.run(StoppableExecutorImpl.java:40)
	at java.util.concurrent.ThreadPoolExecutor.runWorker(ThreadPoolExecutor.java:1145)
	at java.util.concurrent.ThreadPoolExecutor$Worker.run(ThreadPoolExecutor.java:615)
	at java.lang.Thread.run(Thread.java:745)
Caused by: java.io.IOException: Cannot run program "xls" (in directory "/private/var/folders/q5/6pyccsqn0492yl_9n58zkjfw0000gp/T/junit6984515061947806188/TestProcess"): error=2, No such file or directory
	at java.lang.ProcessBuilder.start(ProcessBuilder.java:1047)
	at azkaban.jobExecutor.utils.process.AzkabanProcess.run(AzkabanProcess.java:92)
	at azkaban.jobExecutor.ProcessJob.run(ProcessJob.java:159)
	... 56 more
Caused by: java.io.IOException: error=2, No such file or directory
	at java.lang.UNIXProcess.forkAndExec(Native Method)
	at java.lang.UNIXProcess.<init>(UNIXProcess.java:184)
	at java.lang.ProcessImpl.start(ProcessImpl.java:130)
	at java.lang.ProcessBuilder.start(ProcessBuilder.java:1028)
	... 58 more
cwd=/private/var/folders/q5/6pyccsqn0492yl_9n58zkjfw0000gp/T/junit1002825058651406305/TestProcess
output properties file=/private/var/folders/q5/6pyccsqn0492yl_9n58zkjfw0000gp/T/junit1002825058651406305/TestProcess/TestProcess_output_5130830594643004682_tmp
cwd=/private/var/folders/q5/6pyccsqn0492yl_9n58zkjfw0000gp/T/junit7070258809997009048/TestProcess
output properties file=/private/var/folders/q5/6pyccsqn0492yl_9n58zkjfw0000gp/T/junit7070258809997009048/TestProcess/TestProcess_output_1046560027701515554_tmp
cwd=/private/var/folders/q5/6pyccsqn0492yl_9n58zkjfw0000gp/T/junit5530138436478053761/TestProcess
cwd=/private/var/folders/q5/6pyccsqn0492yl_9n58zkjfw0000gp/T/junit4738318669880922651/TestProcess
output properties file=/private/var/folders/q5/6pyccsqn0492yl_9n58zkjfw0000gp/T/junit4738318669880922651/TestProcess/TestProcess_output_8940302126666362337_tmp
cwd=/private/var/folders/q5/6pyccsqn0492yl_9n58zkjfw0000gp/T/junit3127463673099758006/TestProcess
java.lang.RuntimeException: java.io.IOException: Cannot run program "xls" (in directory "/private/var/folders/q5/6pyccsqn0492yl_9n58zkjfw0000gp/T/junit3127463673099758006/TestProcess"): error=2, No such file or directory
	at azkaban.jobExecutor.ProcessJob.run(ProcessJob.java:165)
	at azkaban.jobExecutor.ProcessJobTest.testFailedUnixCommand(ProcessJobTest.java:109)
	at sun.reflect.NativeMethodAccessorImpl.invoke0(Native Method)
	at sun.reflect.NativeMethodAccessorImpl.invoke(NativeMethodAccessorImpl.java:57)
	at sun.reflect.DelegatingMethodAccessorImpl.invoke(DelegatingMethodAccessorImpl.java:43)
	at java.lang.reflect.Method.invoke(Method.java:606)
	at org.junit.runners.model.FrameworkMethod$1.runReflectiveCall(FrameworkMethod.java:47)
	at org.junit.internal.runners.model.ReflectiveCallable.run(ReflectiveCallable.java:12)
	at org.junit.runners.model.FrameworkMethod.invokeExplosively(FrameworkMethod.java:44)
	at org.junit.internal.runners.statements.InvokeMethod.evaluate(InvokeMethod.java:17)
	at org.junit.internal.runners.statements.RunBefores.evaluate(RunBefores.java:26)
	at org.junit.internal.runners.statements.RunAfters.evaluate(RunAfters.java:27)
	at org.junit.rules.ExternalResource$1.evaluate(ExternalResource.java:48)
	at org.junit.rules.RunRules.evaluate(RunRules.java:20)
	at org.junit.runners.ParentRunner.runLeaf(ParentRunner.java:271)
	at org.junit.runners.BlockJUnit4ClassRunner.runChild(BlockJUnit4ClassRunner.java:70)
	at org.junit.runners.BlockJUnit4ClassRunner.runChild(BlockJUnit4ClassRunner.java:50)
	at org.junit.runners.ParentRunner$3.run(ParentRunner.java:238)
	at org.junit.runners.ParentRunner$1.schedule(ParentRunner.java:63)
	at org.junit.runners.ParentRunner.runChildren(ParentRunner.java:236)
	at org.junit.runners.ParentRunner.access$000(ParentRunner.java:53)
	at org.junit.runners.ParentRunner$2.evaluate(ParentRunner.java:229)
	at org.junit.runners.ParentRunner.run(ParentRunner.java:309)
	at org.gradle.api.internal.tasks.testing.junit.JUnitTestClassExecuter.runTestClass(JUnitTestClassExecuter.java:105)
	at org.gradle.api.internal.tasks.testing.junit.JUnitTestClassExecuter.execute(JUnitTestClassExecuter.java:56)
	at org.gradle.api.internal.tasks.testing.junit.JUnitTestClassProcessor.processTestClass(JUnitTestClassProcessor.java:64)
	at org.gradle.api.internal.tasks.testing.SuiteTestClassProcessor.processTestClass(SuiteTestClassProcessor.java:50)
	at sun.reflect.NativeMethodAccessorImpl.invoke0(Native Method)
	at sun.reflect.NativeMethodAccessorImpl.invoke(NativeMethodAccessorImpl.java:57)
	at sun.reflect.DelegatingMethodAccessorImpl.invoke(DelegatingMethodAccessorImpl.java:43)
	at java.lang.reflect.Method.invoke(Method.java:606)
	at org.gradle.messaging.dispatch.ReflectionDispatch.dispatch(ReflectionDispatch.java:35)
	at org.gradle.messaging.dispatch.ReflectionDispatch.dispatch(ReflectionDispatch.java:24)
	at org.gradle.messaging.dispatch.ContextClassLoaderDispatch.dispatch(ContextClassLoaderDispatch.java:32)
	at org.gradle.messaging.dispatch.ProxyDispatchAdapter$DispatchingInvocationHandler.invoke(ProxyDispatchAdapter.java:93)
	at com.sun.proxy.$Proxy2.processTestClass(Unknown Source)
	at org.gradle.api.internal.tasks.testing.worker.TestWorker.processTestClass(TestWorker.java:106)
	at sun.reflect.NativeMethodAccessorImpl.invoke0(Native Method)
	at sun.reflect.NativeMethodAccessorImpl.invoke(NativeMethodAccessorImpl.java:57)
	at sun.reflect.DelegatingMethodAccessorImpl.invoke(DelegatingMethodAccessorImpl.java:43)
	at java.lang.reflect.Method.invoke(Method.java:606)
	at org.gradle.messaging.dispatch.ReflectionDispatch.dispatch(ReflectionDispatch.java:35)
	at org.gradle.messaging.dispatch.ReflectionDispatch.dispatch(ReflectionDispatch.java:24)
	at org.gradle.messaging.remote.internal.hub.MessageHub$Handler.run(MessageHub.java:360)
	at org.gradle.internal.concurrent.ExecutorPolicy$CatchAndRecordFailures.onExecute(ExecutorPolicy.java:54)
	at org.gradle.internal.concurrent.StoppableExecutorImpl$1.run(StoppableExecutorImpl.java:40)
	at java.util.concurrent.ThreadPoolExecutor.runWorker(ThreadPoolExecutor.java:1145)
	at java.util.concurrent.ThreadPoolExecutor$Worker.run(ThreadPoolExecutor.java:615)
	at java.lang.Thread.run(Thread.java:745)
Caused by: java.io.IOException: Cannot run program "xls" (in directory "/private/var/folders/q5/6pyccsqn0492yl_9n58zkjfw0000gp/T/junit3127463673099758006/TestProcess"): error=2, No such file or directory
	at java.lang.ProcessBuilder.start(ProcessBuilder.java:1047)
	at azkaban.jobExecutor.utils.process.AzkabanProcess.run(AzkabanProcess.java:92)
	at azkaban.jobExecutor.ProcessJob.run(ProcessJob.java:159)
	... 48 more
Caused by: java.io.IOException: error=2, No such file or directory
	at java.lang.UNIXProcess.forkAndExec(Native Method)
	at java.lang.UNIXProcess.<init>(UNIXProcess.java:184)
	at java.lang.ProcessImpl.start(ProcessImpl.java:130)
	at java.lang.ProcessBuilder.start(ProcessBuilder.java:1028)
	... 50 more
cwd=/private/var/folders/q5/6pyccsqn0492yl_9n58zkjfw0000gp/T/junit956822948495233778/TestProcess
output properties file=/private/var/folders/q5/6pyccsqn0492yl_9n58zkjfw0000gp/T/junit956822948495233778/TestProcess/TestProcess_output_7406198062042795267_tmp
cwd=/private/var/folders/q5/6pyccsqn0492yl_9n58zkjfw0000gp/T/junit241839453358698299/TestProcess
output properties file=/private/var/folders/q5/6pyccsqn0492yl_9n58zkjfw0000gp/T/junit241839453358698299/TestProcess/TestProcess_output_5535509534345259767_tmp
]]></system-err>
</testsuite>
